DEB [20180619-14:06:32.769] thr=1   paramiko.transport: starting thread (client mode): 0x46a96d8
DEB [20180619-14:06:32.778] thr=1   paramiko.transport: Local version/idstring: SSH-2.0-paramiko_2.4.1
DEB [20180619-14:06:32.779] thr=1   paramiko.transport: Remote version/idstring: SSH-2.0-dropbear_2014.63
INF [20180619-14:06:32.779] thr=1   paramiko.transport: Connected (version 2.0, client dropbear_2014.63)
DEB [20180619-14:06:32.782] thr=1   paramiko.transport: kex algos:['diffie-hellman-group1-sha1', 'diffie-hellman-group14-sha1', 'kexguess2@matt.ucc.asn.au'] server key:['ssh-rsa', 'ssh-dss'] client encrypt:['aes128-ctr', '3des-ctr', 'aes256-ctr', 'aes128-cbc', '3des-cbc', 'aes256-cbc'] server encrypt:['aes128-ctr', '3des-ctr', 'aes256-ctr', 'aes128-cbc', '3des-cbc', 'aes256-cbc'] client mac:['hmac-sha1', 'hmac-md5'] server mac:['hmac-sha1', 'hmac-md5'] client compress:['none'] server compress:['none'] client lang:[''] server lang:[''] kex follows?False
DEB [20180619-14:06:32.782] thr=1   paramiko.transport: Kex agreed: diffie-hellman-group14-sha1
DEB [20180619-14:06:32.783] thr=1   paramiko.transport: HostKey agreed: ssh-rsa
DEB [20180619-14:06:32.783] thr=1   paramiko.transport: Cipher agreed: aes128-ctr
DEB [20180619-14:06:32.784] thr=1   paramiko.transport: MAC agreed: hmac-sha1
DEB [20180619-14:06:32.784] thr=1   paramiko.transport: Compression agreed: none
DEB [20180619-14:06:34.852] thr=1   paramiko.transport: kex engine KexGroup14 specified hash_algo <built-in function openssl_sha1>
DEB [20180619-14:06:34.854] thr=1   paramiko.transport: Switch to new keys ...
DEB [20180619-14:06:34.867] thr=2   paramiko.transport: Adding ssh-rsa host key for [192.168.20.1]:3363: b'1e0ba4a2c9ca6cc45fb80907c6f7707e'
DEB [20180619-14:06:34.884] thr=1   paramiko.transport: userauth is OK
INF [20180619-14:06:34.895] thr=1   paramiko.transport: Authentication (password) successful!
DEB [20180619-14:06:34.896] thr=2   paramiko.transport: [chan 0] Max packet in: 32768 bytes
DEB [20180619-14:06:34.900] thr=1   paramiko.transport: [chan 0] Max packet out: 32768 bytes
DEB [20180619-14:06:34.901] thr=1   paramiko.transport: Secsh channel 0 opened.
DEB [20180619-14:06:34.906] thr=1   paramiko.transport: [chan 0] Sesch channel 0 request ok
DEB [20180619-14:06:34.921] thr=1   paramiko.transport: [chan 0] EOF received (0)
DEB [20180619-14:07:36.127] thr=1   paramiko.transport: starting thread (client mode): 0x3fda668
DEB [20180619-14:07:36.128] thr=1   paramiko.transport: Local version/idstring: SSH-2.0-paramiko_2.4.1
DEB [20180619-14:07:36.134] thr=1   paramiko.transport: Remote version/idstring: SSH-2.0-dropbear_2014.63
INF [20180619-14:07:36.134] thr=1   paramiko.transport: Connected (version 2.0, client dropbear_2014.63)
DEB [20180619-14:07:36.137] thr=1   paramiko.transport: kex algos:['diffie-hellman-group1-sha1', 'diffie-hellman-group14-sha1', 'kexguess2@matt.ucc.asn.au'] server key:['ssh-rsa', 'ssh-dss'] client encrypt:['aes128-ctr', '3des-ctr', 'aes256-ctr', 'aes128-cbc', '3des-cbc', 'aes256-cbc'] server encrypt:['aes128-ctr', '3des-ctr', 'aes256-ctr', 'aes128-cbc', '3des-cbc', 'aes256-cbc'] client mac:['hmac-sha1', 'hmac-md5'] server mac:['hmac-sha1', 'hmac-md5'] client compress:['none'] server compress:['none'] client lang:[''] server lang:[''] kex follows?False
DEB [20180619-14:07:36.137] thr=1   paramiko.transport: Kex agreed: diffie-hellman-group14-sha1
DEB [20180619-14:07:36.137] thr=1   paramiko.transport: HostKey agreed: ssh-rsa
DEB [20180619-14:07:36.138] thr=1   paramiko.transport: Cipher agreed: aes128-ctr
DEB [20180619-14:07:36.138] thr=1   paramiko.transport: MAC agreed: hmac-sha1
DEB [20180619-14:07:36.138] thr=1   paramiko.transport: Compression agreed: none
DEB [20180619-14:07:38.066] thr=1   paramiko.transport: kex engine KexGroup14 specified hash_algo <built-in function openssl_sha1>
DEB [20180619-14:07:38.067] thr=1   paramiko.transport: Switch to new keys ...
DEB [20180619-14:07:38.069] thr=2   paramiko.transport: Adding ssh-rsa host key for [192.168.20.1]:3363: b'1e0ba4a2c9ca6cc45fb80907c6f7707e'
DEB [20180619-14:07:38.086] thr=1   paramiko.transport: userauth is OK
INF [20180619-14:07:38.095] thr=1   paramiko.transport: Authentication (password) successful!
DEB [20180619-14:07:38.097] thr=2   paramiko.transport: [chan 0] Max packet in: 32768 bytes
DEB [20180619-14:07:38.101] thr=1   paramiko.transport: [chan 0] Max packet out: 32768 bytes
DEB [20180619-14:07:38.101] thr=1   paramiko.transport: Secsh channel 0 opened.
DEB [20180619-14:07:38.106] thr=1   paramiko.transport: [chan 0] Sesch channel 0 request ok
DEB [20180619-14:07:38.123] thr=1   paramiko.transport: [chan 0] EOF received (0)
DEB [20180619-14:07:38.123] thr=1   paramiko.transport: EOF in transport thread
DEB [20180619-14:58:34.936] thr=1   paramiko.transport: starting thread (client mode): 0x3fd9780
DEB [20180619-14:58:34.969] thr=1   paramiko.transport: Local version/idstring: SSH-2.0-paramiko_2.4.1
DEB [20180619-14:58:34.970] thr=1   paramiko.transport: Remote version/idstring: SSH-2.0-dropbear_2014.63
INF [20180619-14:58:34.970] thr=1   paramiko.transport: Connected (version 2.0, client dropbear_2014.63)
DEB [20180619-14:58:34.972] thr=1   paramiko.transport: kex algos:['diffie-hellman-group1-sha1', 'diffie-hellman-group14-sha1', 'kexguess2@matt.ucc.asn.au'] server key:['ssh-rsa', 'ssh-dss'] client encrypt:['aes128-ctr', '3des-ctr', 'aes256-ctr', 'aes128-cbc', '3des-cbc', 'aes256-cbc'] server encrypt:['aes128-ctr', '3des-ctr', 'aes256-ctr', 'aes128-cbc', '3des-cbc', 'aes256-cbc'] client mac:['hmac-sha1', 'hmac-md5'] server mac:['hmac-sha1', 'hmac-md5'] client compress:['none'] server compress:['none'] client lang:[''] server lang:[''] kex follows?False
DEB [20180619-14:58:34.972] thr=1   paramiko.transport: Kex agreed: diffie-hellman-group14-sha1
DEB [20180619-14:58:34.973] thr=1   paramiko.transport: HostKey agreed: ssh-rsa
DEB [20180619-14:58:34.973] thr=1   paramiko.transport: Cipher agreed: aes128-ctr
DEB [20180619-14:58:34.974] thr=1   paramiko.transport: MAC agreed: hmac-sha1
DEB [20180619-14:58:34.974] thr=1   paramiko.transport: Compression agreed: none
DEB [20180619-14:58:36.907] thr=1   paramiko.transport: kex engine KexGroup14 specified hash_algo <built-in function openssl_sha1>
DEB [20180619-14:58:36.909] thr=1   paramiko.transport: Switch to new keys ...
DEB [20180619-14:58:36.911] thr=2   paramiko.transport: Adding ssh-rsa host key for [192.168.20.1]:3363: b'1e0ba4a2c9ca6cc45fb80907c6f7707e'
DEB [20180619-14:58:36.927] thr=1   paramiko.transport: userauth is OK
INF [20180619-14:58:36.935] thr=1   paramiko.transport: Authentication (password) successful!
DEB [20180619-14:58:36.936] thr=2   paramiko.transport: [chan 0] Max packet in: 32768 bytes
DEB [20180619-14:58:36.938] thr=1   paramiko.transport: [chan 0] Max packet out: 32768 bytes
DEB [20180619-14:58:36.939] thr=1   paramiko.transport: Secsh channel 0 opened.
DEB [20180619-14:58:36.942] thr=1   paramiko.transport: [chan 0] Sesch channel 0 request ok
DEB [20180619-14:58:36.945] thr=1   paramiko.transport: [chan 0] Sesch channel 0 request ok
DEB [20180619-14:58:37.047] thr=2   paramiko.transport: [chan 1] Max packet in: 32768 bytes
DEB [20180619-14:58:37.051] thr=1   paramiko.transport: [chan 1] Max packet out: 32768 bytes
DEB [20180619-14:58:37.051] thr=1   paramiko.transport: Secsh channel 1 opened.
DEB [20180619-14:58:37.054] thr=1   paramiko.transport: [chan 1] Sesch channel 1 request ok
DEB [20180619-14:58:37.055] thr=2   paramiko.transport: [chan 2] Max packet in: 32768 bytes
DEB [20180619-14:58:37.058] thr=1   paramiko.transport: [chan 2] Max packet out: 32768 bytes
DEB [20180619-14:58:37.058] thr=1   paramiko.transport: Secsh channel 2 opened.
DEB [20180619-14:58:37.061] thr=1   paramiko.transport: [chan 1] EOF sent (1)
DEB [20180619-14:58:37.062] thr=1   paramiko.transport: [chan 2] Sesch channel 2 request ok
DEB [20180619-14:58:37.065] thr=1   paramiko.transport: Ignoring message for dead channel 1
DEB [20180619-14:58:37.067] thr=1   paramiko.transport: Ignoring message for dead channel 1
DEB [20180619-14:58:37.067] thr=1   paramiko.transport: Ignoring message for dead channel 1
DEB [20180619-14:58:37.068] thr=1   paramiko.transport: Ignoring message for dead channel 1
DEB [20180619-14:58:37.076] thr=1   paramiko.transport: [chan 2] EOF received (2)
DEB [20180619-15:01:08.480] thr=1   paramiko.transport: starting thread (client mode): 0x3fda780
DEB [20180619-15:01:08.486] thr=1   paramiko.transport: Local version/idstring: SSH-2.0-paramiko_2.4.1
DEB [20180619-15:01:08.487] thr=1   paramiko.transport: Remote version/idstring: SSH-2.0-dropbear_2014.63
INF [20180619-15:01:08.488] thr=1   paramiko.transport: Connected (version 2.0, client dropbear_2014.63)
DEB [20180619-15:01:08.490] thr=1   paramiko.transport: kex algos:['diffie-hellman-group1-sha1', 'diffie-hellman-group14-sha1', 'kexguess2@matt.ucc.asn.au'] server key:['ssh-rsa', 'ssh-dss'] client encrypt:['aes128-ctr', '3des-ctr', 'aes256-ctr', 'aes128-cbc', '3des-cbc', 'aes256-cbc'] server encrypt:['aes128-ctr', '3des-ctr', 'aes256-ctr', 'aes128-cbc', '3des-cbc', 'aes256-cbc'] client mac:['hmac-sha1', 'hmac-md5'] server mac:['hmac-sha1', 'hmac-md5'] client compress:['none'] server compress:['none'] client lang:[''] server lang:[''] kex follows?False
DEB [20180619-15:01:08.491] thr=1   paramiko.transport: Kex agreed: diffie-hellman-group14-sha1
DEB [20180619-15:01:08.491] thr=1   paramiko.transport: HostKey agreed: ssh-rsa
DEB [20180619-15:01:08.492] thr=1   paramiko.transport: Cipher agreed: aes128-ctr
DEB [20180619-15:01:08.492] thr=1   paramiko.transport: MAC agreed: hmac-sha1
DEB [20180619-15:01:08.492] thr=1   paramiko.transport: Compression agreed: none
DEB [20180619-15:01:10.493] thr=1   paramiko.transport: kex engine KexGroup14 specified hash_algo <built-in function openssl_sha1>
DEB [20180619-15:01:10.495] thr=1   paramiko.transport: Switch to new keys ...
DEB [20180619-15:01:10.497] thr=2   paramiko.transport: Adding ssh-rsa host key for [192.168.20.1]:3363: b'1e0ba4a2c9ca6cc45fb80907c6f7707e'
DEB [20180619-15:01:10.512] thr=1   paramiko.transport: userauth is OK
INF [20180619-15:01:10.520] thr=1   paramiko.transport: Authentication (password) successful!
DEB [20180619-15:01:10.521] thr=2   paramiko.transport: [chan 0] Max packet in: 32768 bytes
DEB [20180619-15:01:10.524] thr=1   paramiko.transport: [chan 0] Max packet out: 32768 bytes
DEB [20180619-15:01:10.524] thr=1   paramiko.transport: Secsh channel 0 opened.
DEB [20180619-15:01:10.528] thr=1   paramiko.transport: [chan 0] Sesch channel 0 request ok
DEB [20180619-15:01:10.531] thr=1   paramiko.transport: [chan 0] Sesch channel 0 request ok
DEB [20180619-15:01:10.633] thr=2   paramiko.transport: [chan 1] Max packet in: 32768 bytes
DEB [20180619-15:01:10.638] thr=1   paramiko.transport: [chan 1] Max packet out: 32768 bytes
DEB [20180619-15:01:10.638] thr=1   paramiko.transport: Secsh channel 1 opened.
DEB [20180619-15:01:10.642] thr=1   paramiko.transport: [chan 1] Sesch channel 1 request ok
DEB [20180619-15:01:10.643] thr=2   paramiko.transport: [chan 2] Max packet in: 32768 bytes
DEB [20180619-15:01:10.644] thr=1   paramiko.transport: [chan 1] EOF sent (1)
DEB [20180619-15:01:10.645] thr=1   paramiko.transport: [chan 2] Max packet out: 32768 bytes
DEB [20180619-15:01:10.646] thr=1   paramiko.transport: Secsh channel 2 opened.
DEB [20180619-15:01:10.651] thr=1   paramiko.transport: Ignoring message for dead channel 1
DEB [20180619-15:01:10.653] thr=1   paramiko.transport: Ignoring message for dead channel 1
DEB [20180619-15:01:10.653] thr=1   paramiko.transport: Ignoring message for dead channel 1
DEB [20180619-15:01:10.654] thr=1   paramiko.transport: [chan 2] Sesch channel 2 request ok
DEB [20180619-15:01:10.667] thr=1   paramiko.transport: [chan 2] EOF received (2)
DEB [20180619-15:03:19.716] thr=1   paramiko.transport: starting thread (client mode): 0x3fd9780
DEB [20180619-15:03:19.722] thr=1   paramiko.transport: Local version/idstring: SSH-2.0-paramiko_2.4.1
DEB [20180619-15:03:19.723] thr=1   paramiko.transport: Remote version/idstring: SSH-2.0-dropbear_2014.63
INF [20180619-15:03:19.723] thr=1   paramiko.transport: Connected (version 2.0, client dropbear_2014.63)
DEB [20180619-15:03:19.726] thr=1   paramiko.transport: kex algos:['diffie-hellman-group1-sha1', 'diffie-hellman-group14-sha1', 'kexguess2@matt.ucc.asn.au'] server key:['ssh-rsa', 'ssh-dss'] client encrypt:['aes128-ctr', '3des-ctr', 'aes256-ctr', 'aes128-cbc', '3des-cbc', 'aes256-cbc'] server encrypt:['aes128-ctr', '3des-ctr', 'aes256-ctr', 'aes128-cbc', '3des-cbc', 'aes256-cbc'] client mac:['hmac-sha1', 'hmac-md5'] server mac:['hmac-sha1', 'hmac-md5'] client compress:['none'] server compress:['none'] client lang:[''] server lang:[''] kex follows?False
DEB [20180619-15:03:19.726] thr=1   paramiko.transport: Kex agreed: diffie-hellman-group14-sha1
DEB [20180619-15:03:19.727] thr=1   paramiko.transport: HostKey agreed: ssh-rsa
DEB [20180619-15:03:19.727] thr=1   paramiko.transport: Cipher agreed: aes128-ctr
DEB [20180619-15:03:19.728] thr=1   paramiko.transport: MAC agreed: hmac-sha1
DEB [20180619-15:03:19.728] thr=1   paramiko.transport: Compression agreed: none
DEB [20180619-15:03:21.773] thr=1   paramiko.transport: kex engine KexGroup14 specified hash_algo <built-in function openssl_sha1>
DEB [20180619-15:03:21.775] thr=1   paramiko.transport: Switch to new keys ...
DEB [20180619-15:03:21.777] thr=2   paramiko.transport: Adding ssh-rsa host key for [192.168.20.1]:3363: b'1e0ba4a2c9ca6cc45fb80907c6f7707e'
DEB [20180619-15:03:21.793] thr=1   paramiko.transport: userauth is OK
INF [20180619-15:03:21.802] thr=1   paramiko.transport: Authentication (password) successful!
DEB [20180619-15:03:21.803] thr=2   paramiko.transport: [chan 0] Max packet in: 32768 bytes
DEB [20180619-15:03:21.806] thr=1   paramiko.transport: [chan 0] Max packet out: 32768 bytes
DEB [20180619-15:03:21.806] thr=1   paramiko.transport: Secsh channel 0 opened.
DEB [20180619-15:03:21.810] thr=1   paramiko.transport: [chan 0] Sesch channel 0 request ok
DEB [20180619-15:03:21.814] thr=1   paramiko.transport: [chan 0] Sesch channel 0 request ok
DEB [20180619-15:03:21.916] thr=2   paramiko.transport: [chan 1] Max packet in: 32768 bytes
DEB [20180619-15:03:21.920] thr=1   paramiko.transport: [chan 1] Max packet out: 32768 bytes
DEB [20180619-15:03:21.920] thr=1   paramiko.transport: Secsh channel 1 opened.
DEB [20180619-15:03:21.924] thr=1   paramiko.transport: [chan 1] Sesch channel 1 request ok
DEB [20180619-15:03:21.925] thr=2   paramiko.transport: [chan 2] Max packet in: 32768 bytes
DEB [20180619-15:03:21.928] thr=1   paramiko.transport: [chan 2] Max packet out: 32768 bytes
DEB [20180619-15:03:21.929] thr=1   paramiko.transport: Secsh channel 2 opened.
DEB [20180619-15:03:21.933] thr=1   paramiko.transport: [chan 1] EOF sent (1)
DEB [20180619-15:03:21.934] thr=1   paramiko.transport: [chan 2] Sesch channel 2 request ok
DEB [20180619-15:03:21.936] thr=1   paramiko.transport: Ignoring message for dead channel 1
DEB [20180619-15:03:21.937] thr=1   paramiko.transport: Ignoring message for dead channel 1
DEB [20180619-15:03:21.937] thr=1   paramiko.transport: Ignoring message for dead channel 1
DEB [20180619-15:03:21.938] thr=1   paramiko.transport: Ignoring message for dead channel 1
DEB [20180619-15:03:21.948] thr=1   paramiko.transport: [chan 2] EOF received (2)
